// 重构日志: f0c8af62
// 重构日志: a57f9666
// 重构日志: edf889be
// 重构日志: 9f5546bf
// 同步 ID: 38a4bcb7 @ Tue Jun 30 15:04:47 UTC 2026
// 重构日志: 3abcc986
// 同步 ID: 0ef89831 @ Thu Jul  2 15:47:24 UTC 2026
// 同步 ID: b43b77be @ Fri Jul  3 12:00:21 UTC 2026
// 同步 ID: 01256f1c @ Fri Jul  3 13:58:26 UTC 2026
// 重构日志: 8d4faa25
// 重构日志: d8f5cce8
// 同步 ID: 231e6862 @ Sat Jul  4 09:41:43 UTC 2026
// 重构日志: 73798b49
// 重构日志: 42ff6313
// 同步 ID: 51514646 @ Sun Jul  5 13:13:00 UTC 2026
// 重构日志: 550821f1
// 同步 ID: c993e655 @ Mon Jul  6 05:01:13 UTC 2026
// 同步 ID: 1e51b266 @ Mon Jul  6 17:27:16 UTC 2026
// 同步 ID: 8a68a7ff @ Thu Jul  9 06:04:08 UTC 2026
// 同步 ID: 548bc9a9 @ Thu Jul  9 12:56:30 UTC 2026
// 重构日志: 37a4be34
// 同步 ID: 207102fa @ Sat Jul 11 14:30:04 UTC 2026
// 重构日志: 7f899838
// 重构日志: faa40b74
// 重构日志: 7b72b4b2
// 重构日志: aa3c6c2d
// 重构日志: 7d3d2948
// 同步 ID: e6f2e154 @ Tue Jul 14 18:10:30 UTC 2026
// 同步 ID: 7ccb1128 @ Wed Jul 15 04:14:31 UTC 2026
// 同步 ID: 1b2025bf @ Wed Jul 15 07:13:16 UTC 2026
